# JRE version: Java(TM) SE Runtime Environment (8.0_321-b07) (build 1.8.0_321-b07)
# Java VM: Java HotSpot(TM) 64-Bit Server VM (25.321-b07 mixed mode windows-amd64 compressed oops)
Heap:
 PSYoungGen      total 566784K, used 566762K [0x00000000d5580000, 0x0000000100000000, 0x0000000100000000)
  eden space 523264K, 100% used [0x00000000d5580000,0x00000000f5480000,0x00000000f5480000)
  from space 43520K, 99% used [0x00000000f5480000,0x00000000f7efa878,0x00000000f7f00000)
  to   space 43520K, 99% used [0x00000000fd580000,0x00000000ffffcc68,0x0000000100000000)
 ParOldGen       total 697856K, used 110015K [0x0000000080000000, 0x00000000aa980000, 0x00000000d5580000)
  object space 697856K, 15% used [0x0000000080000000,0x0000000086b6ff08,0x00000000aa980000)
 Metaspace       used 3820K, capacity 4918K, committed 5120K, reserved 1056768K
  class space    used 402K, capacity 426K, committed 512K, reserved 1048576K
GC Heap History (7 events):
Event: 0.417 GC heap before
{Heap before GC invocations=1 (full 0):
 PSYoungGen      total 305152K, used 261632K [0x00000000d5580000, 0x00000000eaa00000, 0x0000000100000000)
  eden space 261632K, 100% used [0x00000000d5580000,0x00000000e5500000,0x00000000e5500000)
  from space 43520K, 0% used [0x00000000e7f80000,0x00000000e7f80000,0x00000000eaa00000)
  to   space 43520K, 0% used [0x00000000e5500000,0x00000000e5500000,0x00000000e7f80000)
 ParOldGen       total 697856K, used 0K [0x0000000080000000, 0x00000000aa980000, 0x00000000d5580000)
  object space 697856K, 0% used [0x0000000080000000,0x0000000080000000,0x00000000aa980000)
 Metaspace       used 3819K, capacity 4918K, committed 5120K, reserved 1056768K
  class space    used 402K, capacity 426K, committed 512K, reserved 1048576K
Event: 0.434 GC heap after
Heap after GC invocations=1 (full 0):
 PSYoungGen      total 305152K, used 43489K [0x00000000d5580000, 0x00000000fa980000, 0x0000000100000000)
  eden space 261632K, 0% used [0x00000000d5580000,0x00000000d5580000,0x00000000e5500000)
  from space 43520K, 99% used [0x00000000e5500000,0x00000000e7f787f8,0x00000000e7f80000)
  to   space 43520K, 0% used [0x00000000f7f00000,0x00000000f7f00000,0x00000000fa980000)
 ParOldGen       total 697856K, used 16571K [0x0000000080000000, 0x00000000aa980000, 0x00000000d5580000)
  object space 697856K, 2% used [0x0000000080000000,0x000000008102ee98,0x00000000aa980000)
 Metaspace       used 3819K, capacity 4918K, committed 5120K, reserved 1056768K
  class space    used 402K, capacity 426K, committed 512K, reserved 1048576K
}
Event: 0.691 GC heap before
{Heap before GC invocations=2 (full 0):
 PSYoungGen      total 305152K, used 305121K [0x00000000d5580000, 0x00000000fa980000, 0x0000000100000000)
  eden space 261632K, 100% used [0x00000000d5580000,0x00000000e5500000,0x00000000e5500000)
  from space 43520K, 99% used [0x00000000e5500000,0x00000000e7f787f8,0x00000000e7f80000)
  to   space 43520K, 0% used [0x00000000f7f00000,0x00000000f7f00000,0x00000000fa980000)
 ParOldGen       total 697856K, used 16571K [0x0000000080000000, 0x00000000aa980000, 0x00000000d5580000)
  object space 697856K, 2% used [0x0000000080000000,0x000000008102ee98,0x00000000aa980000)
 Metaspace       used 3820K, capacity 4918K, committed 5120K, reserved 1056768K
  class space    used 402K, capacity 426K, committed 512K, reserved 1048576K
Event: 0.707 GC heap after
Heap after GC invocations=2 (full 0):
 PSYoungGen      total 566784K, used 43493K [0x00000000d5580000, 0x00000000fa980000, 0x0000000100000000)
  eden space 523264K, 0% used [0x00000000d5580000,0x00000000d5580000,0x00000000f5480000)
  from space 43520K, 99% used [0x00000000f7f00000,0x00000000fa9795d8,0x00000000fa980000)
  to   space 43520K, 0% used [0x00000000f5480000,0x00000000f5480000,0x00000000f7f00000)
 ParOldGen       total 697856K, used 35899K [0x0000000080000000, 0x00000000aa980000, 0x00000000d5580000)
  object space 697856K, 5% used [0x0000000080000000,0x000000008230ee98,0x00000000aa980000)
 Metaspace       used 3820K, capacity 4918K, committed 5120K, reserved 1056768K
  class space    used 402K, capacity 426K, committed 512K, reserved 1048576K
}
Event: 1.261 GC heap before
{Heap before GC invocations=3 (full 0):
 PSYoungGen      total 566784K, used 566757K [0x00000000d5580000, 0x00000000fa980000, 0x0000000100000000)
  eden space 523264K, 100% used [0x00000000d5580000,0x00000000f5480000,0x00000000f5480000)
  from space 43520K, 99% used [0x00000000f7f00000,0x00000000fa9795d8,0x00000000fa980000)
  to   space 43520K, 0% used [0x00000000f5480000,0x00000000f5480000,0x00000000f7f00000)
 ParOldGen       total 697856K, used 35899K [0x0000000080000000, 0x00000000aa980000, 0x00000000d5580000)
  object space 697856K, 5% used [0x0000000080000000,0x000000008230ee98,0x00000000aa980000)
 Metaspace       used 3820K, capacity 4918K, committed 5120K, reserved 1056768K
  class space    used 402K, capacity 426K, committed 512K, reserved 1048576K
Event: 1.287 GC heap after
Heap after GC invocations=3 (full 0):
 PSYoungGen      total 566784K, used 43498K [0x00000000d5580000, 0x0000000100000000, 0x0000000100000000)
  eden space 523264K, 0% used [0x00000000d5580000,0x00000000d5580000,0x00000000f5480000)
  from space 43520K, 99% used [0x00000000f5480000,0x00000000f7efa878,0x00000000f7f00000)
  to   space 43520K, 0% used [0x00000000fd580000,0x00000000fd580000,0x0000000100000000)
 ParOldGen       total 697856K, used 73523K [0x0000000080000000, 0x00000000aa980000, 0x00000000d5580000)
  object space 697856K, 10% used [0x0000000080000000,0x00000000847cce98,0x00000000aa980000)
 Metaspace       used 3820K, capacity 4918K, committed 5120K, reserved 1056768K
  class space    used 402K, capacity 426K, committed 512K, reserved 1048576K
}
Event: 1.792 GC heap before
{Heap before GC invocations=4 (full 0):
 PSYoungGen      total 566784K, used 566762K [0x00000000d5580000, 0x0000000100000000, 0x0000000100000000)
  eden space 523264K, 100% used [0x00000000d5580000,0x00000000f5480000,0x00000000f5480000)
  from space 43520K, 99% used [0x00000000f5480000,0x00000000f7efa878,0x00000000f7f00000)
  to   space 43520K, 0% used [0x00000000fd580000,0x00000000fd580000,0x0000000100000000)
 ParOldGen       total 697856K, used 73523K [0x0000000080000000, 0x00000000aa980000, 0x00000000d5580000)
  object space 697856K, 10% used [0x0000000080000000,0x00000000847cce98,0x00000000aa980000)
 Metaspace       used 3820K, capacity 4918K, committed 5120K, reserved 1056768K
  class space    used 402K, capacity 426K, committed 512K, reserved 1048576K

