# JRE version: Java(TM) SE Runtime Environment (8.0_321-b07) (build 1.8.0_321-b07)
# Java VM: Java HotSpot(TM) 64-Bit Server VM (25.321-b07 mixed mode windows-amd64 compressed oops)
Heap:
 PSYoungGen      total 583168K, used 583156K [0x00000000d5580000, 0x0000000100000000, 0x0000000100000000)
  eden space 487936K, 100% used [0x00000000d5580000,0x00000000f3200000,0x00000000f3200000)
  from space 95232K, 99% used [0x00000000fa300000,0x00000000ffffd330,0x0000000100000000)
  to   space 105472K, 97% used [0x00000000f3200000,0x00000000f966a708,0x00000000f9900000)
 ParOldGen       total 697856K, used 221536K [0x0000000080000000, 0x00000000aa980000, 0x00000000d5580000)
  object space 697856K, 31% used [0x0000000080000000,0x000000008d8581b0,0x00000000aa980000)
 Metaspace       used 4567K, capacity 5118K, committed 5376K, reserved 1056768K
  class space    used 458K, capacity 498K, committed 512K, reserved 1048576K
GC Heap History (10 events):
Event: 1.823 GC heap after
Heap after GC invocations=4 (full 0):
 PSYoungGen      total 655360K, used 43507K [0x00000000d5580000, 0x0000000100000000, 0x0000000100000000)
  eden space 611840K, 0% used [0x00000000d5580000,0x00000000d5580000,0x00000000fab00000)
  from space 43520K, 99% used [0x00000000fd580000,0x00000000ffffcc78,0x0000000100000000)
  to   space 43520K, 0% used [0x00000000fab00000,0x00000000fab00000,0x00000000fd580000)
 ParOldGen       total 697856K, used 110287K [0x0000000080000000, 0x00000000aa980000, 0x00000000d5580000)
  object space 697856K, 15% used [0x0000000080000000,0x0000000086bb3f18,0x00000000aa980000)
 Metaspace       used 3820K, capacity 4918K, committed 5120K, reserved 1056768K
  class space    used 402K, capacity 426K, committed 512K, reserved 1048576K
}
Event: 2.414 GC heap before
{Heap before GC invocations=5 (full 0):
 PSYoungGen      total 655360K, used 655347K [0x00000000d5580000, 0x0000000100000000, 0x0000000100000000)
  eden space 611840K, 100% used [0x00000000d5580000,0x00000000fab00000,0x00000000fab00000)
  from space 43520K, 99% used [0x00000000fd580000,0x00000000ffffcc78,0x0000000100000000)
  to   space 43520K, 0% used [0x00000000fab00000,0x00000000fab00000,0x00000000fd580000)
 ParOldGen       total 697856K, used 110287K [0x0000000080000000, 0x00000000aa980000, 0x00000000d5580000)
  object space 697856K, 15% used [0x0000000080000000,0x0000000086bb3f18,0x00000000aa980000)
 Metaspace       used 3820K, capacity 4918K, committed 5120K, reserved 1056768K
  class space    used 402K, capacity 426K, committed 512K, reserved 1048576K
Event: 2.443 GC heap after
Heap after GC invocations=5 (full 0):
 PSYoungGen      total 655360K, used 43504K [0x00000000d5580000, 0x0000000100000000, 0x0000000100000000)
  eden space 611840K, 0% used [0x00000000d5580000,0x00000000d5580000,0x00000000fab00000)
  from space 43520K, 99% used [0x00000000fab00000,0x00000000fd57c280,0x00000000fd580000)
  to   space 43520K, 0% used [0x00000000fd580000,0x00000000fd580000,0x0000000100000000)
 ParOldGen       total 697856K, used 153499K [0x0000000080000000, 0x00000000aa980000, 0x00000000d5580000)
  object space 697856K, 21% used [0x0000000080000000,0x00000000895e6f98,0x00000000aa980000)
 Metaspace       used 3820K, capacity 4918K, committed 5120K, reserved 1056768K
  class space    used 402K, capacity 426K, committed 512K, reserved 1048576K
}
Event: 3.045 GC heap before
{Heap before GC invocations=6 (full 0):
 PSYoungGen      total 655360K, used 655344K [0x00000000d5580000, 0x0000000100000000, 0x0000000100000000)
  eden space 611840K, 100% used [0x00000000d5580000,0x00000000fab00000,0x00000000fab00000)
  from space 43520K, 99% used [0x00000000fab00000,0x00000000fd57c280,0x00000000fd580000)
  to   space 43520K, 0% used [0x00000000fd580000,0x00000000fd580000,0x0000000100000000)
 ParOldGen       total 697856K, used 153499K [0x0000000080000000, 0x00000000aa980000, 0x00000000d5580000)
  object space 697856K, 21% used [0x0000000080000000,0x00000000895e6f98,0x00000000aa980000)
 Metaspace       used 3820K, capacity 4918K, committed 5120K, reserved 1056768K
  class space    used 402K, capacity 426K, committed 512K, reserved 1048576K
Event: 3.077 GC heap after
Heap after GC invocations=6 (full 0):
 PSYoungGen      total 546816K, used 43504K [0x00000000d5580000, 0x0000000100000000, 0x0000000100000000)
  eden space 503296K, 0% used [0x00000000d5580000,0x00000000d5580000,0x00000000f4100000)
  from space 43520K, 99% used [0x00000000fd580000,0x00000000ffffc260,0x0000000100000000)
  to   space 97792K, 0% used [0x00000000f4100000,0x00000000f4100000,0x00000000fa080000)
 ParOldGen       total 697856K, used 193515K [0x0000000080000000, 0x00000000aa980000, 0x00000000d5580000)
  object space 697856K, 27% used [0x0000000080000000,0x000000008bcfafd8,0x00000000aa980000)
 Metaspace       used 3820K, capacity 4918K, committed 5120K, reserved 1056768K
  class space    used 402K, capacity 426K, committed 512K, reserved 1048576K
}
Event: 3.553 GC heap before
{Heap before GC invocations=7 (full 0):
 PSYoungGen      total 546816K, used 546800K [0x00000000d5580000, 0x0000000100000000, 0x0000000100000000)
  eden space 503296K, 100% used [0x00000000d5580000,0x00000000f4100000,0x00000000f4100000)
  from space 43520K, 99% used [0x00000000fd580000,0x00000000ffffc260,0x0000000100000000)
  to   space 97792K, 0% used [0x00000000f4100000,0x00000000f4100000,0x00000000fa080000)
 ParOldGen       total 697856K, used 193515K [0x0000000080000000, 0x00000000aa980000, 0x00000000d5580000)
  object space 697856K, 27% used [0x0000000080000000,0x000000008bcfafd8,0x00000000aa980000)
 Metaspace       used 3820K, capacity 4918K, committed 5120K, reserved 1056768K
  class space    used 402K, capacity 426K, committed 512K, reserved 1048576K
Event: 3.584 GC heap after
Heap after GC invocations=7 (full 0):
 PSYoungGen      total 601088K, used 72900K [0x00000000d5580000, 0x0000000100000000, 0x0000000100000000)
  eden space 503296K, 0% used [0x00000000d5580000,0x00000000d5580000,0x00000000f4100000)
  from space 97792K, 74% used [0x00000000f4100000,0x00000000f8831320,0x00000000fa080000)
  to   space 95232K, 0% used [0x00000000fa300000,0x00000000fa300000,0x0000000100000000)
 ParOldGen       total 697856K, used 202680K [0x0000000080000000, 0x00000000aa980000, 0x00000000d5580000)
  object space 697856K, 29% used [0x0000000080000000,0x000000008c5ee180,0x00000000aa980000)
 Metaspace       used 3820K, capacity 4918K, committed 5120K, reserved 1056768K
  class space    used 402K, capacity 426K, committed 512K, reserved 1048576K
}
Event: 4.079 GC heap before
{Heap before GC invocations=8 (full 0):
 PSYoungGen      total 601088K, used 576196K [0x00000000d5580000, 0x0000000100000000, 0x0000000100000000)
  eden space 503296K, 100% used [0x00000000d5580000,0x00000000f4100000,0x00000000f4100000)
  from space 97792K, 74% used [0x00000000f4100000,0x00000000f8831320,0x00000000fa080000)
  to   space 95232K, 0% used [0x00000000fa300000,0x00000000fa300000,0x0000000100000000)
 ParOldGen       total 697856K, used 202680K [0x0000000080000000, 0x00000000aa980000, 0x00000000d5580000)
  object space 697856K, 29% used [0x0000000080000000,0x000000008c5ee180,0x00000000aa980000)
 Metaspace       used 3820K, capacity 4918K, committed 5120K, reserved 1056768K
  class space    used 402K, capacity 426K, committed 512K, reserved 1048576K
Event: 4.111 GC heap after
Heap after GC invocations=8 (full 0):
 PSYoungGen      total 583168K, used 95220K [0x00000000d5580000, 0x0000000100000000, 0x0000000100000000)
  eden space 487936K, 0% used [0x00000000d5580000,0x00000000d5580000,0x00000000f3200000)
  from space 95232K, 99% used [0x00000000fa300000,0x00000000ffffd330,0x0000000100000000)
  to   space 105472K, 0% used [0x00000000f3200000,0x00000000f3200000,0x00000000f9900000)
 ParOldGen       total 697856K, used 211928K [0x0000000080000000, 0x00000000aa980000, 0x00000000d5580000)
  object space 697856K, 30% used [0x0000000080000000,0x000000008cef6180,0x00000000aa980000)
 Metaspace       used 3820K, capacity 4918K, committed 5120K, reserved 1056768K
  class space    used 402K, capacity 426K, committed 512K, reserved 1048576K
}
Event: 4.651 GC heap before
{Heap before GC invocations=9 (full 0):
 PSYoungGen      total 583168K, used 583156K [0x00000000d5580000, 0x0000000100000000, 0x0000000100000000)
  eden space 487936K, 100% used [0x00000000d5580000,0x00000000f3200000,0x00000000f3200000)
  from space 95232K, 99% used [0x00000000fa300000,0x00000000ffffd330,0x0000000100000000)
  to   space 105472K, 0% used [0x00000000f3200000,0x00000000f3200000,0x00000000f9900000)
 ParOldGen       total 697856K, used 211928K [0x0000000080000000, 0x00000000aa980000, 0x00000000d5580000)
  object space 697856K, 30% used [0x0000000080000000,0x000000008cef6180,0x00000000aa980000)
 Metaspace       used 4567K, capacity 5118K, committed 5376K, reserved 1056768K
  class space    used 458K, capacity 498K, committed 512K, reserved 1048576K

